{"level":"info","message":"Starting server with mock data...","service":"Server","timestamp":"2025-08-14T00:19:10.530Z"}
{"level":"info","message":"Server running on port 3001","service":"Server","timestamp":"2025-08-14T00:19:10.575Z"}
{"level":"info","message":"Health check: http://localhost:3001/health","service":"Server","timestamp":"2025-08-14T00:19:10.576Z"}
{"level":"info","message":"API base URL: http://localhost:3001/api","service":"Server","timestamp":"2025-08-14T00:19:10.577Z"}
{"level":"info","message":"Received shutdown signal, closing server...","service":"Server","timestamp":"2025-08-14T00:20:06.827Z"}
{"level":"info","message":"Starting server with mock data...","service":"Server","timestamp":"2025-08-14T00:47:56.222Z"}
{"level":"info","message":"Server running on port 3001","service":"Server","timestamp":"2025-08-14T00:47:56.276Z"}
{"level":"info","message":"Health check: http://localhost:3001/health","service":"Server","timestamp":"2025-08-14T00:47:56.277Z"}
{"level":"info","message":"API base URL: http://localhost:3001/api","service":"Server","timestamp":"2025-08-14T00:47:56.278Z"}
{"level":"info","message":"Received shutdown signal, closing server...","service":"Server","timestamp":"2025-08-14T00:59:17.153Z"}
{"level":"info","message":"Starting server with mock data...","service":"Server","timestamp":"2025-08-14T01:25:17.644Z"}
{"level":"info","message":"Server running on port 3001","service":"Server","timestamp":"2025-08-14T01:25:17.664Z"}
{"level":"info","message":"Health check: http://localhost:3001/health","service":"Server","timestamp":"2025-08-14T01:25:17.665Z"}
{"level":"info","message":"API base URL: http://localhost:3001/api","service":"Server","timestamp":"2025-08-14T01:25:17.666Z"}
{"level":"info","message":"Starting server with mock data...","service":"Server","timestamp":"2025-08-14T01:25:37.785Z"}
{"level":"info","message":"Server running on port 3001","service":"Server","timestamp":"2025-08-14T01:25:37.804Z"}
{"level":"info","message":"Health check: http://localhost:3001/health","service":"Server","timestamp":"2025-08-14T01:25:37.805Z"}
{"level":"info","message":"API base URL: http://localhost:3001/api","service":"Server","timestamp":"2025-08-14T01:25:37.805Z"}
{"ip":"::1","level":"info","message":"GET /health","service":"Server","timestamp":"2025-08-14T01:25:42.335Z","userAgent":"curl/8.5.0"}
{"level":"info","message":"Received shutdown signal, closing server...","service":"Server","timestamp":"2025-08-14T01:28:04.358Z"}
{"level":"info","message":"Starting server with mock data...","service":"Server","timestamp":"2025-08-14T01:30:52.815Z"}
{"level":"info","message":"Server running on port 3001","service":"Server","timestamp":"2025-08-14T01:30:52.834Z"}
{"level":"info","message":"Health check: http://localhost:3001/health","service":"Server","timestamp":"2025-08-14T01:30:52.834Z"}
{"level":"info","message":"API base URL: http://localhost:3001/api","service":"Server","timestamp":"2025-08-14T01:30:52.835Z"}
{"level":"info","message":"Received shutdown signal, closing server...","service":"Server","timestamp":"2025-08-14T01:31:40.227Z"}
{"level":"info","message":"Starting server with mock data...","service":"Server","timestamp":"2025-08-14T01:37:20.963Z"}
{"level":"info","message":"Server running on port 3001","service":"Server","timestamp":"2025-08-14T01:37:20.989Z"}
{"level":"info","message":"Health check: http://localhost:3001/health","service":"Server","timestamp":"2025-08-14T01:37:20.990Z"}
{"level":"info","message":"API base URL: http://localhost:3001/api","service":"Server","timestamp":"2025-08-14T01:37:20.990Z"}
{"level":"info","message":"Starting server with mock data...","service":"Server","timestamp":"2025-08-14T01:45:50.623Z"}
{"level":"info","message":"Server running on port 3001","service":"Server","timestamp":"2025-08-14T01:45:50.642Z"}
{"level":"info","message":"Health check: http://localhost:3001/health","service":"Server","timestamp":"2025-08-14T01:45:50.643Z"}
{"level":"info","message":"API base URL: http://localhost:3001/api","service":"Server","timestamp":"2025-08-14T01:45:50.644Z"}
{"level":"info","message":"Received shutdown signal, closing server...","service":"Server","timestamp":"2025-08-14T01:46:25.555Z"}
{"level":"info","message":"Starting server with mock data...","service":"Server","timestamp":"2025-08-14T02:01:13.883Z"}
{"level":"info","message":"Server running on port 3001","service":"Server","timestamp":"2025-08-14T02:01:13.902Z"}
{"level":"info","message":"Health check: http://localhost:3001/health","service":"Server","timestamp":"2025-08-14T02:01:13.903Z"}
{"level":"info","message":"API base URL: http://localhost:3001/api","service":"Server","timestamp":"2025-08-14T02:01:13.907Z"}
{"level":"info","message":"Received shutdown signal, closing server...","service":"Server","timestamp":"2025-08-14T02:01:20.701Z"}
{"level":"info","message":"Starting server with mock data...","service":"Server","timestamp":"2025-08-14T02:23:40.231Z"}
{"level":"info","message":"Server running on port 3001","service":"Server","timestamp":"2025-08-14T02:23:40.244Z"}
{"level":"info","message":"Health check: http://localhost:3001/health","service":"Server","timestamp":"2025-08-14T02:23:40.245Z"}
{"level":"info","message":"API base URL: http://localhost:3001/api","service":"Server","timestamp":"2025-08-14T02:23:40.245Z"}
{"level":"info","message":"Received shutdown signal, closing server...","service":"Server","timestamp":"2025-08-14T02:23:54.909Z"}
{"level":"info","message":"Starting server with mock data...","service":"Server","timestamp":"2025-08-14T02:36:37.496Z"}
{"level":"info","message":"Server running on port 3001","service":"Server","timestamp":"2025-08-14T02:36:37.510Z"}
{"level":"info","message":"Health check: http://localhost:3001/health","service":"Server","timestamp":"2025-08-14T02:36:37.511Z"}
{"level":"info","message":"API base URL: http://localhost:3001/api","service":"Server","timestamp":"2025-08-14T02:36:37.511Z"}
{"level":"info","message":"Received shutdown signal, closing server...","service":"Server","timestamp":"2025-08-14T02:36:56.738Z"}
{"level":"info","message":"Starting server with mock data...","service":"Server","timestamp":"2025-08-14T03:27:39.962Z"}
{"level":"info","message":"Server running on port 3001","service":"Server","timestamp":"2025-08-14T03:27:39.995Z"}
{"level":"info","message":"Health check: http://localhost:3001/health","service":"Server","timestamp":"2025-08-14T03:27:39.997Z"}
{"level":"info","message":"API base URL: http://localhost:3001/api","service":"Server","timestamp":"2025-08-14T03:27:39.998Z"}
{"level":"info","message":"Starting server with mock data...","service":"Server","timestamp":"2025-08-14T03:28:14.015Z"}
{"level":"info","message":"Server running on port 3001","service":"Server","timestamp":"2025-08-14T03:28:14.047Z"}
{"level":"info","message":"Health check: http://localhost:3001/health","service":"Server","timestamp":"2025-08-14T03:28:14.048Z"}
{"level":"info","message":"API base URL: http://localhost:3001/api","service":"Server","timestamp":"2025-08-14T03:28:14.049Z"}
{"level":"info","message":"Received shutdown signal, closing server...","service":"Server","timestamp":"2025-08-14T03:28:57.577Z"}
{"level":"info","message":"Starting server with mock data...","service":"Server","timestamp":"2025-08-14T03:29:47.355Z"}
{"level":"info","message":"Server running on port 3001","service":"Server","timestamp":"2025-08-14T03:29:47.391Z"}
{"level":"info","message":"Health check: http://localhost:3001/health","service":"Server","timestamp":"2025-08-14T03:29:47.391Z"}
{"level":"info","message":"API base URL: http://localhost:3001/api","service":"Server","timestamp":"2025-08-14T03:29:47.392Z"}
{"ip":"::1","level":"info","message":"GET /","service":"Server","timestamp":"2025-08-14T03:29:53.519Z","userAgent":"Mozilla/5.0 (Windows NT 10.0; Win64; x64) AppleWebKit/537.36 (KHTML, like Gecko) Chrome/139.0.0.0 Safari/537.36"}
{"ip":"::1","level":"info","message":"GET /health","service":"Server","timestamp":"2025-08-14T03:30:14.053Z","userAgent":"Mozilla/5.0 (Windows NT 10.0; Win64; x64) AppleWebKit/537.36 (KHTML, like Gecko) Chrome/139.0.0.0 Safari/537.36"}
{"level":"info","message":"Received shutdown signal, closing server...","service":"Server","timestamp":"2025-08-14T03:30:21.261Z"}
{"level":"info","message":"Received shutdown signal, closing server...","service":"Server","timestamp":"2025-08-14T03:30:21.395Z"}
{"level":"info","message":"Received shutdown signal, closing server...","service":"Server","timestamp":"2025-08-14T03:30:30.435Z"}
{"level":"info","message":"Received shutdown signal, closing server...","service":"Server","timestamp":"2025-08-14T03:30:30.579Z"}
{"level":"info","message":"Received shutdown signal, closing server...","service":"Server","timestamp":"2025-08-14T03:30:30.745Z"}
{"level":"info","message":"Received shutdown signal, closing server...","service":"Server","timestamp":"2025-08-14T03:30:30.914Z"}
{"level":"info","message":"Received shutdown signal, closing server...","service":"Server","timestamp":"2025-08-14T03:30:31.083Z"}
{"level":"info","message":"Received shutdown signal, closing server...","service":"Server","timestamp":"2025-08-14T03:30:31.257Z"}
{"level":"info","message":"Received shutdown signal, closing server...","service":"Server","timestamp":"2025-08-14T03:30:31.531Z"}
{"level":"info","message":"Received shutdown signal, closing server...","service":"Server","timestamp":"2025-08-14T03:30:31.688Z"}
{"level":"info","message":"Received shutdown signal, closing server...","service":"Server","timestamp":"2025-08-14T03:30:31.862Z"}
{"level":"info","message":"Received shutdown signal, closing server...","service":"Server","timestamp":"2025-08-14T03:30:34.493Z"}
{"level":"info","message":"Received shutdown signal, closing server...","service":"Server","timestamp":"2025-08-14T03:30:34.625Z"}
{"level":"info","message":"Received shutdown signal, closing server...","service":"Server","timestamp":"2025-08-14T03:30:42.429Z"}
{"level":"info","message":"Received shutdown signal, closing server...","service":"Server","timestamp":"2025-08-14T03:30:43.045Z"}
{"level":"info","message":"Received shutdown signal, closing server...","service":"Server","timestamp":"2025-08-14T03:30:43.392Z"}
{"level":"info","message":"Received shutdown signal, closing server...","service":"Server","timestamp":"2025-08-14T03:30:43.611Z"}
{"level":"info","message":"Received shutdown signal, closing server...","service":"Server","timestamp":"2025-08-14T03:30:43.817Z"}
{"level":"info","message":"Received shutdown signal, closing server...","service":"Server","timestamp":"2025-08-14T03:30:44.007Z"}
{"level":"info","message":"Received shutdown signal, closing server...","service":"Server","timestamp":"2025-08-14T03:30:49.440Z"}
{"level":"info","message":"Received shutdown signal, closing server...","service":"Server","timestamp":"2025-08-14T03:30:49.590Z"}
{"level":"info","message":"Received shutdown signal, closing server...","service":"Server","timestamp":"2025-08-14T03:30:49.778Z"}
{"level":"info","message":"Received shutdown signal, closing server...","service":"Server","timestamp":"2025-08-14T03:30:49.956Z"}
{"level":"info","message":"Received shutdown signal, closing server...","service":"Server","timestamp":"2025-08-14T03:30:50.125Z"}
{"level":"error","message":"Could not close connections in time, forcefully shutting down","service":"Server","timestamp":"2025-08-14T03:30:50.223Z"}
{"level":"info","message":"Starting server with mock data...","service":"Server","timestamp":"2025-08-14T10:33:38.453Z"}
{"level":"info","message":"Server running on port 3001","service":"Server","timestamp":"2025-08-14T10:33:38.468Z"}
{"level":"info","message":"Health check: http://localhost:3001/health","service":"Server","timestamp":"2025-08-14T10:33:38.469Z"}
{"level":"info","message":"API base URL: http://localhost:3001/api","service":"Server","timestamp":"2025-08-14T10:33:38.469Z"}
{"level":"info","message":"Received shutdown signal, closing server...","service":"Server","timestamp":"2025-08-14T10:34:27.671Z"}
{"level":"info","message":"Starting server with mock data...","service":"Server","timestamp":"2025-08-14T10:38:09.871Z"}
{"level":"info","message":"Server running on port 3001","service":"Server","timestamp":"2025-08-14T10:38:09.893Z"}
{"level":"info","message":"Health check: http://localhost:3001/health","service":"Server","timestamp":"2025-08-14T10:38:09.894Z"}
{"level":"info","message":"API base URL: http://localhost:3001/api","service":"Server","timestamp":"2025-08-14T10:38:09.894Z"}
{"level":"info","message":"Starting server with mock data...","service":"Server","timestamp":"2025-08-14T10:50:10.377Z"}
{"level":"info","message":"Server running on port 3001","service":"Server","timestamp":"2025-08-14T10:50:10.392Z"}
{"level":"info","message":"Health check: http://localhost:3001/health","service":"Server","timestamp":"2025-08-14T10:50:10.393Z"}
{"level":"info","message":"API base URL: http://localhost:3001/api","service":"Server","timestamp":"2025-08-14T10:50:10.393Z"}
{"level":"info","message":"Received shutdown signal, closing server...","service":"Server","timestamp":"2025-08-14T10:50:38.440Z"}
{"level":"info","message":"Starting server with mock data...","service":"Server","timestamp":"2025-08-15T13:26:17.006Z"}
{"level":"info","message":"Server running on port 3001","service":"Server","timestamp":"2025-08-15T13:26:17.028Z"}
{"level":"info","message":"Health check: http://localhost:3001/health","service":"Server","timestamp":"2025-08-15T13:26:17.029Z"}
{"level":"info","message":"API base URL: http://localhost:3001/api","service":"Server","timestamp":"2025-08-15T13:26:17.030Z"}
{"level":"info","message":"Received shutdown signal, closing server...","service":"Server","timestamp":"2025-08-15T13:26:30.068Z"}
{"level":"info","message":"Starting server with mock data...","service":"Server","timestamp":"2025-08-15T13:26:36.210Z"}
{"level":"info","message":"Server running on port 3001","service":"Server","timestamp":"2025-08-15T13:26:36.225Z"}
{"level":"info","message":"Health check: http://localhost:3001/health","service":"Server","timestamp":"2025-08-15T13:26:36.226Z"}
{"level":"info","message":"API base URL: http://localhost:3001/api","service":"Server","timestamp":"2025-08-15T13:26:36.226Z"}
{"level":"info","message":"Received shutdown signal, closing server...","service":"Server","timestamp":"2025-08-15T13:28:47.774Z"}
{"level":"info","message":"Starting server with mock data...","service":"Server","timestamp":"2025-08-15T13:58:52.631Z"}
{"level":"info","message":"Server running on port 3001","service":"Server","timestamp":"2025-08-15T13:58:52.653Z"}
{"level":"info","message":"Health check: http://localhost:3001/health","service":"Server","timestamp":"2025-08-15T13:58:52.653Z"}
{"level":"info","message":"API base URL: http://localhost:3001/api","service":"Server","timestamp":"2025-08-15T13:58:52.654Z"}
{"level":"info","message":"Starting server with mock data...","service":"Server","timestamp":"2025-08-15T14:01:02.546Z"}
{"level":"info","message":"Server running on port 3001","service":"Server","timestamp":"2025-08-15T14:01:02.560Z"}
{"level":"info","message":"Health check: http://localhost:3001/health","service":"Server","timestamp":"2025-08-15T14:01:02.560Z"}
{"level":"info","message":"API base URL: http://localhost:3001/api","service":"Server","timestamp":"2025-08-15T14:01:02.560Z"}
{"level":"info","message":"Starting server with mock data...","service":"Server","timestamp":"2025-08-15T14:23:35.975Z"}
{"level":"info","message":"Server running on port 3001","service":"Server","timestamp":"2025-08-15T14:23:36.008Z"}
{"level":"info","message":"Health check: http://localhost:3001/health","service":"Server","timestamp":"2025-08-15T14:23:36.009Z"}
{"level":"info","message":"API base URL: http://localhost:3001/api","service":"Server","timestamp":"2025-08-15T14:23:36.010Z"}
{"level":"info","message":"Received shutdown signal, closing server...","service":"Server","timestamp":"2025-08-15T15:01:35.190Z"}
{"level":"info","message":"Starting server with mock data...","service":"Server","timestamp":"2025-08-15T15:05:47.399Z"}
{"level":"info","message":"Server running on port 3001","service":"Server","timestamp":"2025-08-15T15:05:47.416Z"}
{"level":"info","message":"Health check: http://localhost:3001/health","service":"Server","timestamp":"2025-08-15T15:05:47.416Z"}
{"level":"info","message":"API base URL: http://localhost:3001/api","service":"Server","timestamp":"2025-08-15T15:05:47.417Z"}
{"level":"info","message":"Received shutdown signal, closing server...","service":"Server","timestamp":"2025-08-15T15:06:08.281Z"}
{"level":"info","message":"Starting server with mock data...","service":"Server","timestamp":"2025-08-15T15:06:31.671Z"}
{"level":"info","message":"Server running on port 3001","service":"Server","timestamp":"2025-08-15T15:06:31.693Z"}
{"level":"info","message":"Health check: http://localhost:3001/health","service":"Server","timestamp":"2025-08-15T15:06:31.694Z"}
{"level":"info","message":"API base URL: http://localhost:3001/api","service":"Server","timestamp":"2025-08-15T15:06:31.694Z"}
{"level":"info","message":"Received shutdown signal, closing server...","service":"Server","timestamp":"2025-08-15T15:06:47.011Z"}
{"level":"info","message":"Starting server with mock data...","service":"Server","timestamp":"2025-08-15T15:47:25.205Z"}
{"level":"info","message":"Server running on port 3001","service":"Server","timestamp":"2025-08-15T15:47:25.224Z"}
{"level":"info","message":"Health check: http://localhost:3001/health","service":"Server","timestamp":"2025-08-15T15:47:25.227Z"}
{"level":"info","message":"API base URL: http://localhost:3001/api","service":"Server","timestamp":"2025-08-15T15:47:25.228Z"}
{"level":"info","message":"Received shutdown signal, closing server...","service":"Server","timestamp":"2025-08-15T16:10:13.800Z"}
{"level":"info","message":"Starting server with mock data...","service":"Server","timestamp":"2025-08-15T16:21:11.976Z"}
{"level":"info","message":"Server running on port 3001","service":"Server","timestamp":"2025-08-15T16:21:11.991Z"}
{"level":"info","message":"Health check: http://localhost:3001/health","service":"Server","timestamp":"2025-08-15T16:21:11.992Z"}
{"level":"info","message":"API base URL: http://localhost:3001/api","service":"Server","timestamp":"2025-08-15T16:21:11.992Z"}
{"level":"info","message":"Received shutdown signal, closing server...","service":"Server","timestamp":"2025-08-15T16:21:53.828Z"}
{"level":"info","message":"Starting server with mock data...","service":"Server","timestamp":"2025-08-15T16:27:03.689Z"}
{"level":"info","message":"Server running on port 3001","service":"Server","timestamp":"2025-08-15T16:27:03.708Z"}
{"level":"info","message":"Health check: http://localhost:3001/health","service":"Server","timestamp":"2025-08-15T16:27:03.709Z"}
{"level":"info","message":"API base URL: http://localhost:3001/api","service":"Server","timestamp":"2025-08-15T16:27:03.709Z"}
{"level":"info","message":"Received shutdown signal, closing server...","service":"Server","timestamp":"2025-08-15T16:27:16.820Z"}
{"level":"info","message":"Starting server with mock data...","service":"Server","timestamp":"2025-08-15T16:32:45.680Z"}
{"level":"info","message":"Server running on port 3001","service":"Server","timestamp":"2025-08-15T16:32:45.712Z"}
{"level":"info","message":"Health check: http://localhost:3001/health","service":"Server","timestamp":"2025-08-15T16:32:45.712Z"}
{"level":"info","message":"API base URL: http://localhost:3001/api","service":"Server","timestamp":"2025-08-15T16:32:45.713Z"}
{"ip":"::1","level":"info","message":"GET /health","service":"Server","timestamp":"2025-08-15T16:32:54.306Z","userAgent":"Mozilla/5.0 (Windows NT 10.0; Win64; x64) AppleWebKit/537.36 (KHTML, like Gecko) Chrome/139.0.0.0 Safari/537.36"}
{"ip":"::1","level":"info","message":"GET /favicon.ico","service":"Server","timestamp":"2025-08-15T16:32:54.705Z","userAgent":"Mozilla/5.0 (Windows NT 10.0; Win64; x64) AppleWebKit/537.36 (KHTML, like Gecko) Chrome/139.0.0.0 Safari/537.36"}
{"level":"info","message":"Received shutdown signal, closing server...","service":"Server","timestamp":"2025-08-15T16:33:01.178Z"}
{"level":"info","message":"Received shutdown signal, closing server...","service":"Server","timestamp":"2025-08-15T16:33:19.659Z"}
{"level":"info","message":"Received shutdown signal, closing server...","service":"Server","timestamp":"2025-08-15T16:33:19.825Z"}
{"level":"error","message":"Could not close connections in time, forcefully shutting down","service":"Server","timestamp":"2025-08-15T16:33:29.548Z"}
{"level":"info","message":"Starting server with mock data...","service":"Server","timestamp":"2025-08-15T16:34:25.224Z"}
{"level":"info","message":"Server running on port 3001","service":"Server","timestamp":"2025-08-15T16:34:25.247Z"}
{"level":"info","message":"Health check: http://localhost:3001/health","service":"Server","timestamp":"2025-08-15T16:34:25.248Z"}
{"level":"info","message":"API base URL: http://localhost:3001/api","service":"Server","timestamp":"2025-08-15T16:34:25.249Z"}
{"level":"info","message":"Received shutdown signal, closing server...","service":"Server","timestamp":"2025-08-15T16:34:27.418Z"}
{"level":"info","message":"Starting server with mock data...","service":"Server","timestamp":"2025-08-15T16:34:34.211Z"}
{"level":"info","message":"Server running on port 3001","service":"Server","timestamp":"2025-08-15T16:34:34.226Z"}
{"level":"info","message":"Health check: http://localhost:3001/health","service":"Server","timestamp":"2025-08-15T16:34:34.226Z"}
{"level":"info","message":"API base URL: http://localhost:3001/api","service":"Server","timestamp":"2025-08-15T16:34:34.227Z"}
{"level":"info","message":"Received shutdown signal, closing server...","service":"Server","timestamp":"2025-08-15T16:35:42.494Z"}
{"level":"info","message":"Starting server with mock data...","service":"Server","timestamp":"2025-08-15T16:48:55.804Z"}
{"level":"info","message":"Server running on port 3001","service":"Server","timestamp":"2025-08-15T16:48:55.825Z"}
{"level":"info","message":"Health check: http://localhost:3001/health","service":"Server","timestamp":"2025-08-15T16:48:55.825Z"}
{"level":"info","message":"API base URL: http://localhost:3001/api","service":"Server","timestamp":"2025-08-15T16:48:55.826Z"}
{"level":"info","message":"Received shutdown signal, closing server...","service":"Server","timestamp":"2025-08-15T16:54:28.061Z"}
{"level":"info","message":"Starting server with mock data...","service":"Server","timestamp":"2025-08-15T17:12:53.344Z"}
{"level":"info","message":"Server running on port 3001","service":"Server","timestamp":"2025-08-15T17:12:53.363Z"}
{"level":"info","message":"Health check: http://localhost:3001/health","service":"Server","timestamp":"2025-08-15T17:12:53.364Z"}
{"level":"info","message":"API base URL: http://localhost:3001/api","service":"Server","timestamp":"2025-08-15T17:12:53.364Z"}
{"level":"info","message":"Received shutdown signal, closing server...","service":"Server","timestamp":"2025-08-15T17:34:51.898Z"}
{"level":"info","message":"Starting server with mock data...","service":"Server","timestamp":"2025-08-15T17:35:00.654Z"}
{"level":"info","message":"Server running on port 3001","service":"Server","timestamp":"2025-08-15T17:35:00.680Z"}
{"level":"info","message":"Health check: http://localhost:3001/health","service":"Server","timestamp":"2025-08-15T17:35:00.683Z"}
{"level":"info","message":"API base URL: http://localhost:3001/api","service":"Server","timestamp":"2025-08-15T17:35:00.684Z"}
{"level":"info","message":"Received shutdown signal, closing server...","service":"Server","timestamp":"2025-08-15T17:38:52.153Z"}
{"level":"info","message":"Starting server with mock data...","service":"Server","timestamp":"2025-08-15T19:36:19.314Z"}
{"level":"info","message":"Server running on port 3001","service":"Server","timestamp":"2025-08-15T19:36:19.332Z"}
{"level":"info","message":"Health check: http://localhost:3001/health","service":"Server","timestamp":"2025-08-15T19:36:19.332Z"}
{"level":"info","message":"API base URL: http://localhost:3001/api","service":"Server","timestamp":"2025-08-15T19:36:19.333Z"}
{"level":"info","message":"Received shutdown signal, closing server...","service":"Server","timestamp":"2025-08-15T19:36:33.510Z"}
{"level":"info","message":"Starting server with mock data...","service":"Server","timestamp":"2025-08-15T19:36:57.333Z"}
{"level":"info","message":"Server running on port 3001","service":"Server","timestamp":"2025-08-15T19:36:57.350Z"}
{"level":"info","message":"Health check: http://localhost:3001/health","service":"Server","timestamp":"2025-08-15T19:36:57.350Z"}
{"level":"info","message":"API base URL: http://localhost:3001/api","service":"Server","timestamp":"2025-08-15T19:36:57.351Z"}
{"level":"info","message":"Received shutdown signal, closing server...","service":"Server","timestamp":"2025-08-15T19:39:41.615Z"}
{"level":"info","message":"Starting server with mock data...","service":"Server","timestamp":"2025-08-15T19:42:59.765Z"}
{"level":"info","message":"Server running on port 3001","service":"Server","timestamp":"2025-08-15T19:42:59.790Z"}
{"level":"info","message":"Health check: http://localhost:3001/health","service":"Server","timestamp":"2025-08-15T19:42:59.791Z"}
{"level":"info","message":"API base URL: http://localhost:3001/api","service":"Server","timestamp":"2025-08-15T19:42:59.792Z"}
{"level":"info","message":"Received shutdown signal, closing server...","service":"Server","timestamp":"2025-08-15T19:43:18.374Z"}
