{"error":"connect ECONNREFUSED 127.0.0.1:5432","level":"error","message":"Query error","service":"Database","text":"\n      CREATE TABLE IF NOT EXISTS emails (\n        id SERIAL PRIMARY KEY,\n        gmail_id VARCHAR(255) UNIQUE NOT NULL,\n        subject TEXT NOT NULL,\n        sender VARCHAR(500) NOT NULL,\n        date TIMESTAMP NOT NULL,\n        body TEXT,\n        snippet TEXT,\n        category VARCHAR(100),\n        confidence DECIMAL(3,2),\n        processed BOOLEAN DEFAULT FALSE,\n        responded BOOLEAN DEFAULT FALSE,\n        response_template VARCHAR(255),\n        created_at TIMESTAMP DEFAULT CURRENT_TIMESTAMP,\n        updated_at TIMESTAMP DEFAULT CURRENT_TIMESTAMP\n      )\n    ","timestamp":"2025-08-12T21:23:35.325Z"}
{"level":"error","message":"Failed to start server:","service":"Server","timestamp":"2025-08-12T21:23:35.333Z"}
{"error":"connect ECONNREFUSED 127.0.0.1:5432","level":"error","message":"Query error","service":"Database","text":"\n      CREATE TABLE IF NOT EXISTS emails (\n        id SERIAL PRIMARY KEY,\n        gmail_id VARCHAR(255) UNIQUE NOT NULL,\n        subject TEXT NOT NULL,\n        sender VARCHAR(500) NOT NULL,\n        date TIMESTAMP NOT NULL,\n        body TEXT,\n        snippet TEXT,\n        category VARCHAR(100),\n        confidence DECIMAL(3,2),\n        processed BOOLEAN DEFAULT FALSE,\n        responded BOOLEAN DEFAULT FALSE,\n        response_template VARCHAR(255),\n        created_at TIMESTAMP DEFAULT CURRENT_TIMESTAMP,\n        updated_at TIMESTAMP DEFAULT CURRENT_TIMESTAMP\n      )\n    ","timestamp":"2025-08-12T21:23:57.408Z"}
{"level":"error","message":"Failed to start server:","service":"Server","timestamp":"2025-08-12T21:23:57.418Z"}
{"error":"connect ECONNREFUSED 127.0.0.1:5432","level":"error","message":"Query error","service":"Database","text":"\n      CREATE TABLE IF NOT EXISTS emails (\n        id SERIAL PRIMARY KEY,\n        gmail_id VARCHAR(255) UNIQUE NOT NULL,\n        subject TEXT NOT NULL,\n        sender VARCHAR(500) NOT NULL,\n        date TIMESTAMP NOT NULL,\n        body TEXT,\n        snippet TEXT,\n        category VARCHAR(100),\n        confidence DECIMAL(3,2),\n        processed BOOLEAN DEFAULT FALSE,\n        responded BOOLEAN DEFAULT FALSE,\n        response_template VARCHAR(255),\n        created_at TIMESTAMP DEFAULT CURRENT_TIMESTAMP,\n        updated_at TIMESTAMP DEFAULT CURRENT_TIMESTAMP\n      )\n    ","timestamp":"2025-08-12T21:25:19.445Z"}
{"level":"error","message":"Failed to start server:","service":"Server","timestamp":"2025-08-12T21:25:19.451Z"}
{"error":"connect ECONNREFUSED 127.0.0.1:5432","level":"error","message":"Query error","service":"Database","text":"\n      CREATE TABLE IF NOT EXISTS emails (\n        id SERIAL PRIMARY KEY,\n        gmail_id VARCHAR(255) UNIQUE NOT NULL,\n        subject TEXT NOT NULL,\n        sender VARCHAR(500) NOT NULL,\n        date TIMESTAMP NOT NULL,\n        body TEXT,\n        snippet TEXT,\n        category VARCHAR(100),\n        confidence DECIMAL(3,2),\n        processed BOOLEAN DEFAULT FALSE,\n        responded BOOLEAN DEFAULT FALSE,\n        response_template VARCHAR(255),\n        created_at TIMESTAMP DEFAULT CURRENT_TIMESTAMP,\n        updated_at TIMESTAMP DEFAULT CURRENT_TIMESTAMP\n      )\n    ","timestamp":"2025-08-13T14:51:16.208Z"}
{"level":"error","message":"Failed to start server:","service":"Server","timestamp":"2025-08-13T14:51:16.231Z"}
{"level":"error","message":"Failed to start server:","service":"Server","timestamp":"2025-08-13T14:51:21.771Z"}
{"level":"error","message":"Failed to start server:","service":"Server","timestamp":"2025-08-13T14:51:52.579Z"}
{"error":"connect ECONNREFUSED 127.0.0.1:5432","level":"error","message":"Query error","service":"Database","text":"\n      CREATE TABLE IF NOT EXISTS emails (\n        id SERIAL PRIMARY KEY,\n        gmail_id VARCHAR(255) UNIQUE NOT NULL,\n        subject TEXT NOT NULL,\n        sender VARCHAR(500) NOT NULL,\n        date TIMESTAMP NOT NULL,\n        body TEXT,\n        snippet TEXT,\n        category VARCHAR(100),\n        confidence DECIMAL(3,2),\n        processed BOOLEAN DEFAULT FALSE,\n        responded BOOLEAN DEFAULT FALSE,\n        response_template VARCHAR(255),\n        created_at TIMESTAMP DEFAULT CURRENT_TIMESTAMP,\n        updated_at TIMESTAMP DEFAULT CURRENT_TIMESTAMP\n      )\n    ","timestamp":"2025-08-13T14:52:10.697Z"}
{"level":"error","message":"Failed to start server:","service":"Server","timestamp":"2025-08-13T14:52:10.701Z"}
{"error":"connect ECONNREFUSED 127.0.0.1:5432","level":"error","message":"Query error","service":"Database","text":"\n      CREATE TABLE IF NOT EXISTS emails (\n        id SERIAL PRIMARY KEY,\n        gmail_id VARCHAR(255) UNIQUE NOT NULL,\n        subject TEXT NOT NULL,\n        sender VARCHAR(500) NOT NULL,\n        date TIMESTAMP NOT NULL,\n        body TEXT,\n        snippet TEXT,\n        category VARCHAR(100),\n        confidence DECIMAL(3,2),\n        processed BOOLEAN DEFAULT FALSE,\n        responded BOOLEAN DEFAULT FALSE,\n        response_template VARCHAR(255),\n        created_at TIMESTAMP DEFAULT CURRENT_TIMESTAMP,\n        updated_at TIMESTAMP DEFAULT CURRENT_TIMESTAMP\n      )\n    ","timestamp":"2025-08-13T14:52:13.427Z"}
{"level":"error","message":"Failed to start server:","service":"Server","timestamp":"2025-08-13T14:52:13.432Z"}
{"error":"connect ECONNREFUSED 127.0.0.1:5432","level":"error","message":"Query error","service":"Database","text":"\n      CREATE TABLE IF NOT EXISTS emails (\n        id SERIAL PRIMARY KEY,\n        gmail_id VARCHAR(255) UNIQUE NOT NULL,\n        subject TEXT NOT NULL,\n        sender VARCHAR(500) NOT NULL,\n        date TIMESTAMP NOT NULL,\n        body TEXT,\n        snippet TEXT,\n        category VARCHAR(100),\n        confidence DECIMAL(3,2),\n        processed BOOLEAN DEFAULT FALSE,\n        responded BOOLEAN DEFAULT FALSE,\n        response_template VARCHAR(255),\n        created_at TIMESTAMP DEFAULT CURRENT_TIMESTAMP,\n        updated_at TIMESTAMP DEFAULT CURRENT_TIMESTAMP\n      )\n    ","timestamp":"2025-08-13T14:52:17.386Z"}
{"level":"error","message":"Failed to start server:","service":"Server","timestamp":"2025-08-13T14:52:17.390Z"}
{"level":"error","message":"Failed to start server:","service":"Server","timestamp":"2025-08-13T14:52:21.890Z"}
{"level":"info","message":"Starting server with mock data...","service":"Server","timestamp":"2025-08-13T14:54:52.157Z"}
{"level":"info","message":"Server running on port 3001","service":"Server","timestamp":"2025-08-13T14:54:52.172Z"}
{"level":"info","message":"Health check: http://localhost:3001/health","service":"Server","timestamp":"2025-08-13T14:54:52.172Z"}
{"level":"info","message":"API base URL: http://localhost:3001/api","service":"Server","timestamp":"2025-08-13T14:54:52.173Z"}
{"level":"info","message":"Received shutdown signal, closing server...","service":"Server","timestamp":"2025-08-13T15:01:54.002Z"}
{"level":"info","message":"Starting server with mock data...","service":"Server","timestamp":"2025-08-13T15:01:54.742Z"}
{"level":"info","message":"Server running on port 3001","service":"Server","timestamp":"2025-08-13T15:01:54.765Z"}
{"level":"info","message":"Health check: http://localhost:3001/health","service":"Server","timestamp":"2025-08-13T15:01:54.766Z"}
{"level":"info","message":"API base URL: http://localhost:3001/api","service":"Server","timestamp":"2025-08-13T15:01:54.767Z"}
{"ip":"::1","level":"info","message":"GET /","service":"Server","timestamp":"2025-08-13T15:02:02.860Z","userAgent":"Mozilla/5.0 (Windows NT 10.0; Win64; x64) AppleWebKit/537.36 (KHTML, like Gecko) Chrome/139.0.0.0 Safari/537.36"}
{"ip":"::1","level":"info","message":"GET /favicon.ico","service":"Server","timestamp":"2025-08-13T15:02:03.327Z","userAgent":"Mozilla/5.0 (Windows NT 10.0; Win64; x64) AppleWebKit/537.36 (KHTML, like Gecko) Chrome/139.0.0.0 Safari/537.36"}
{"level":"info","message":"Received shutdown signal, closing server...","service":"Server","timestamp":"2025-08-13T15:02:17.992Z"}
{"level":"info","message":"Starting server with mock data...","service":"Server","timestamp":"2025-08-13T15:02:23.901Z"}
{"level":"info","message":"Server running on port 3001","service":"Server","timestamp":"2025-08-13T15:02:23.916Z"}
{"level":"info","message":"Health check: http://localhost:3001/health","service":"Server","timestamp":"2025-08-13T15:02:23.917Z"}
{"level":"info","message":"API base URL: http://localhost:3001/api","service":"Server","timestamp":"2025-08-13T15:02:23.917Z"}
{"level":"info","message":"Received shutdown signal, closing server...","service":"Server","timestamp":"2025-08-13T15:07:18.821Z"}
{"level":"info","message":"Starting server with mock data...","service":"Server","timestamp":"2025-08-13T15:07:19.836Z"}
{"level":"info","message":"Server running on port 3001","service":"Server","timestamp":"2025-08-13T15:07:19.852Z"}
{"level":"info","message":"Health check: http://localhost:3001/health","service":"Server","timestamp":"2025-08-13T15:07:19.853Z"}
{"level":"info","message":"API base URL: http://localhost:3001/api","service":"Server","timestamp":"2025-08-13T15:07:19.854Z"}
{"level":"info","message":"Received shutdown signal, closing server...","service":"Server","timestamp":"2025-08-13T15:07:23.437Z"}
{"level":"info","message":"Starting server with mock data...","service":"Server","timestamp":"2025-08-13T15:07:23.566Z"}
{"level":"info","message":"Server running on port 3001","service":"Server","timestamp":"2025-08-13T15:07:23.579Z"}
{"level":"info","message":"Health check: http://localhost:3001/health","service":"Server","timestamp":"2025-08-13T15:07:23.580Z"}
{"level":"info","message":"API base URL: http://localhost:3001/api","service":"Server","timestamp":"2025-08-13T15:07:23.581Z"}
{"level":"info","message":"Received shutdown signal, closing server...","service":"Server","timestamp":"2025-08-13T15:08:00.493Z"}
{"level":"info","message":"Starting server with mock data...","service":"Server","timestamp":"2025-08-13T15:08:01.768Z"}
{"level":"info","message":"Server running on port 3001","service":"Server","timestamp":"2025-08-13T15:08:01.790Z"}
{"level":"info","message":"Health check: http://localhost:3001/health","service":"Server","timestamp":"2025-08-13T15:08:01.791Z"}
{"level":"info","message":"API base URL: http://localhost:3001/api","service":"Server","timestamp":"2025-08-13T15:08:01.791Z"}
{"level":"info","message":"Received shutdown signal, closing server...","service":"Server","timestamp":"2025-08-13T15:22:40.815Z"}
{"level":"info","message":"Starting server with mock data...","service":"Server","timestamp":"2025-08-13T15:25:15.718Z"}
{"level":"info","message":"Server running on port 3001","service":"Server","timestamp":"2025-08-13T15:25:15.738Z"}
{"level":"info","message":"Health check: http://localhost:3001/health","service":"Server","timestamp":"2025-08-13T15:25:15.739Z"}
{"level":"info","message":"API base URL: http://localhost:3001/api","service":"Server","timestamp":"2025-08-13T15:25:15.739Z"}
{"ip":"::1","level":"info","message":"GET /api/stats/business","service":"Server","timestamp":"2025-08-13T15:26:05.010Z","userAgent":"curl/8.5.0"}
{"ip":"::1","level":"info","message":"GET /api/stats/revenue","service":"Server","timestamp":"2025-08-13T15:26:12.056Z","userAgent":"curl/8.5.0"}
{"level":"info","message":"Starting server with mock data...","service":"Server","timestamp":"2025-08-13T15:34:31.699Z"}
{"level":"info","message":"Server running on port 3001","service":"Server","timestamp":"2025-08-13T15:34:31.722Z"}
{"level":"info","message":"Health check: http://localhost:3001/health","service":"Server","timestamp":"2025-08-13T15:34:31.723Z"}
{"level":"info","message":"API base URL: http://localhost:3001/api","service":"Server","timestamp":"2025-08-13T15:34:31.724Z"}
{"ip":"::1","level":"info","message":"POST /api/emails/1/reply","service":"Server","timestamp":"2025-08-13T15:36:31.092Z","userAgent":"curl/8.5.0"}
{"level":"info","message":"Attaching quotation quot_001 to email reply 1","service":"EmailRoutes","timestamp":"2025-08-13T15:36:32.097Z"}
{"ip":"::1","level":"info","message":"POST /api/quotations/quot_001/send","service":"Server","timestamp":"2025-08-13T15:36:58.660Z","userAgent":"curl/8.5.0"}
{"level":"info","message":"Received shutdown signal, closing server...","service":"Server","timestamp":"2025-08-13T15:37:23.916Z"}
{"level":"info","message":"Starting server with mock data...","service":"Server","timestamp":"2025-08-13T15:37:24.892Z"}
{"level":"info","message":"Server running on port 3001","service":"Server","timestamp":"2025-08-13T15:37:24.908Z"}
{"level":"info","message":"Health check: http://localhost:3001/health","service":"Server","timestamp":"2025-08-13T15:37:24.909Z"}
{"level":"info","message":"API base URL: http://localhost:3001/api","service":"Server","timestamp":"2025-08-13T15:37:24.909Z"}
{"ip":"::1","level":"info","message":"POST /api/quotations/quot_001/send","service":"Server","timestamp":"2025-08-13T15:37:32.486Z","userAgent":"curl/8.5.0"}
{"level":"info","message":"Quotation quot_001 sent to cliente@teste.com","service":"EmailRoutes","timestamp":"2025-08-13T15:37:33.994Z"}
{"level":"info","message":"Starting server with mock data...","service":"Server","timestamp":"2025-08-13T15:40:01.298Z"}
{"level":"info","message":"Server running on port 3001","service":"Server","timestamp":"2025-08-13T15:40:01.315Z"}
{"level":"info","message":"Health check: http://localhost:3001/health","service":"Server","timestamp":"2025-08-13T15:40:01.315Z"}
{"level":"info","message":"API base URL: http://localhost:3001/api","service":"Server","timestamp":"2025-08-13T15:40:01.316Z"}
{"level":"info","message":"Starting server with mock data...","service":"Server","timestamp":"2025-08-13T15:40:23.021Z"}
{"level":"info","message":"Server running on port 3001","service":"Server","timestamp":"2025-08-13T15:40:23.041Z"}
{"level":"info","message":"Health check: http://localhost:3001/health","service":"Server","timestamp":"2025-08-13T15:40:23.042Z"}
{"level":"info","message":"API base URL: http://localhost:3001/api","service":"Server","timestamp":"2025-08-13T15:40:23.043Z"}
{"ip":"::1","level":"info","message":"GET /api/stats/business","service":"Server","timestamp":"2025-08-13T15:40:42.538Z","userAgent":"curl/8.5.0"}
{"ip":"::ffff:127.0.0.1","level":"info","message":"GET /api/stats/business","service":"Server","timestamp":"2025-08-13T15:41:32.794Z","userAgent":"undici"}
{"ip":"::ffff:127.0.0.1","level":"info","message":"GET /api/stats/revenue","service":"Server","timestamp":"2025-08-13T15:41:33.236Z","userAgent":"undici"}
{"ip":"::1","level":"info","message":"GET /api/stats/business","service":"Server","timestamp":"2025-08-13T15:43:49.959Z","userAgent":"curl/8.5.0"}
{"ip":"::1","level":"info","message":"GET /api/stats/business","service":"Server","timestamp":"2025-08-13T15:43:54.265Z","userAgent":"curl/8.5.0"}
{"level":"info","message":"Starting server with mock data...","service":"Server","timestamp":"2025-08-13T15:46:28.339Z"}
{"level":"info","message":"Server running on port 3001","service":"Server","timestamp":"2025-08-13T15:46:28.365Z"}
{"level":"info","message":"Health check: http://localhost:3001/health","service":"Server","timestamp":"2025-08-13T15:46:28.366Z"}
{"level":"info","message":"API base URL: http://localhost:3001/api","service":"Server","timestamp":"2025-08-13T15:46:28.367Z"}
{"level":"info","message":"Starting server with mock data...","service":"Server","timestamp":"2025-08-13T15:46:53.454Z"}
{"level":"info","message":"Server running on port 3001","service":"Server","timestamp":"2025-08-13T15:46:53.489Z"}
{"level":"info","message":"Health check: http://localhost:3001/health","service":"Server","timestamp":"2025-08-13T15:46:53.490Z"}
{"level":"info","message":"API base URL: http://localhost:3001/api","service":"Server","timestamp":"2025-08-13T15:46:53.491Z"}
{"level":"info","message":"Starting server with mock data...","service":"Server","timestamp":"2025-08-13T16:21:08.269Z"}
{"level":"info","message":"Server running on port 3001","service":"Server","timestamp":"2025-08-13T16:21:08.287Z"}
{"level":"info","message":"Health check: http://localhost:3001/health","service":"Server","timestamp":"2025-08-13T16:21:08.287Z"}
{"level":"info","message":"API base URL: http://localhost:3001/api","service":"Server","timestamp":"2025-08-13T16:21:08.288Z"}
{"level":"info","message":"Received shutdown signal, closing server...","service":"Server","timestamp":"2025-08-13T17:27:54.432Z"}
{"level":"info","message":"Starting server with mock data...","service":"Server","timestamp":"2025-08-13T19:46:44.112Z"}
{"level":"info","message":"Server running on port 3001","service":"Server","timestamp":"2025-08-13T19:46:44.193Z"}
{"level":"info","message":"Health check: http://localhost:3001/health","service":"Server","timestamp":"2025-08-13T19:46:44.195Z"}
{"level":"info","message":"API base URL: http://localhost:3001/api","service":"Server","timestamp":"2025-08-13T19:46:44.203Z"}
{"level":"info","message":"Starting server with mock data...","service":"Server","timestamp":"2025-08-13T20:13:47.306Z"}
{"level":"info","message":"Server running on port 3001","service":"Server","timestamp":"2025-08-13T20:13:47.456Z"}
{"level":"info","message":"Health check: http://localhost:3001/health","service":"Server","timestamp":"2025-08-13T20:13:47.459Z"}
{"level":"info","message":"API base URL: http://localhost:3001/api","service":"Server","timestamp":"2025-08-13T20:13:47.460Z"}
{"level":"info","message":"Starting server with mock data...","service":"Server","timestamp":"2025-08-13T20:19:15.861Z"}
{"level":"info","message":"Server running on port 3001","service":"Server","timestamp":"2025-08-13T20:19:16.072Z"}
{"level":"info","message":"Health check: http://localhost:3001/health","service":"Server","timestamp":"2025-08-13T20:19:16.075Z"}
{"level":"info","message":"API base URL: http://localhost:3001/api","service":"Server","timestamp":"2025-08-13T20:19:16.087Z"}
{"level":"info","message":"Received shutdown signal, closing server...","service":"Server","timestamp":"2025-08-13T20:29:04.681Z"}
{"level":"info","message":"Starting server with mock data...","service":"Server","timestamp":"2025-08-13T20:30:00.963Z"}
{"level":"info","message":"Server running on port 3001","service":"Server","timestamp":"2025-08-13T20:30:00.992Z"}
{"level":"info","message":"Health check: http://localhost:3001/health","service":"Server","timestamp":"2025-08-13T20:30:00.993Z"}
{"level":"info","message":"API base URL: http://localhost:3001/api","service":"Server","timestamp":"2025-08-13T20:30:00.994Z"}
{"level":"info","message":"Received shutdown signal, closing server...","service":"Server","timestamp":"2025-08-13T20:31:48.722Z"}
{"level":"info","message":"Starting server with mock data...","service":"Server","timestamp":"2025-08-13T21:10:49.765Z"}
{"level":"info","message":"Server running on port 3001","service":"Server","timestamp":"2025-08-13T21:10:49.786Z"}
{"level":"info","message":"Health check: http://localhost:3001/health","service":"Server","timestamp":"2025-08-13T21:10:49.788Z"}
{"level":"info","message":"API base URL: http://localhost:3001/api","service":"Server","timestamp":"2025-08-13T21:10:49.789Z"}
{"level":"info","message":"Received shutdown signal, closing server...","service":"Server","timestamp":"2025-08-13T21:17:59.202Z"}
{"level":"info","message":"Starting server with mock data...","service":"Server","timestamp":"2025-08-13T21:18:10.957Z"}
{"level":"info","message":"Server running on port 3001","service":"Server","timestamp":"2025-08-13T21:18:11.011Z"}
{"level":"info","message":"Health check: http://localhost:3001/health","service":"Server","timestamp":"2025-08-13T21:18:11.012Z"}
{"level":"info","message":"API base URL: http://localhost:3001/api","service":"Server","timestamp":"2025-08-13T21:18:11.013Z"}
{"level":"info","message":"Received shutdown signal, closing server...","service":"Server","timestamp":"2025-08-13T21:46:52.690Z"}
{"level":"info","message":"Starting server with mock data...","service":"Server","timestamp":"2025-08-13T21:53:54.460Z"}
{"level":"info","message":"Server running on port 3001","service":"Server","timestamp":"2025-08-13T21:53:54.481Z"}
{"level":"info","message":"Health check: http://localhost:3001/health","service":"Server","timestamp":"2025-08-13T21:53:54.482Z"}
{"level":"info","message":"API base URL: http://localhost:3001/api","service":"Server","timestamp":"2025-08-13T21:53:54.483Z"}
{"level":"info","message":"Received shutdown signal, closing server...","service":"Server","timestamp":"2025-08-13T21:55:35.115Z"}
{"level":"info","message":"Starting server with mock data...","service":"Server","timestamp":"2025-08-13T22:40:25.404Z"}
{"level":"info","message":"Server running on port 3001","service":"Server","timestamp":"2025-08-13T22:40:25.424Z"}
{"level":"info","message":"Health check: http://localhost:3001/health","service":"Server","timestamp":"2025-08-13T22:40:25.425Z"}
{"level":"info","message":"API base URL: http://localhost:3001/api","service":"Server","timestamp":"2025-08-13T22:40:25.425Z"}
{"level":"info","message":"Received shutdown signal, closing server...","service":"Server","timestamp":"2025-08-13T22:40:39.379Z"}
{"level":"info","message":"Starting server with mock data...","service":"Server","timestamp":"2025-08-13T22:41:23.055Z"}
{"level":"info","message":"Server running on port 3001","service":"Server","timestamp":"2025-08-13T22:41:23.088Z"}
{"level":"info","message":"Health check: http://localhost:3001/health","service":"Server","timestamp":"2025-08-13T22:41:23.089Z"}
{"level":"info","message":"API base URL: http://localhost:3001/api","service":"Server","timestamp":"2025-08-13T22:41:23.090Z"}
{"level":"info","message":"Starting server with mock data...","service":"Server","timestamp":"2025-08-13T22:41:41.666Z"}
{"level":"info","message":"Server running on port 3001","service":"Server","timestamp":"2025-08-13T22:41:41.685Z"}
{"level":"info","message":"Health check: http://localhost:3001/health","service":"Server","timestamp":"2025-08-13T22:41:41.686Z"}
{"level":"info","message":"API base URL: http://localhost:3001/api","service":"Server","timestamp":"2025-08-13T22:41:41.686Z"}
{"level":"info","message":"Received shutdown signal, closing server...","service":"Server","timestamp":"2025-08-13T22:49:26.166Z"}
{"level":"info","message":"Starting server with mock data...","service":"Server","timestamp":"2025-08-13T22:57:58.738Z"}
{"level":"info","message":"Server running on port 3001","service":"Server","timestamp":"2025-08-13T22:57:58.755Z"}
{"level":"info","message":"Health check: http://localhost:3001/health","service":"Server","timestamp":"2025-08-13T22:57:58.755Z"}
{"level":"info","message":"API base URL: http://localhost:3001/api","service":"Server","timestamp":"2025-08-13T22:57:58.756Z"}
{"level":"info","message":"Received shutdown signal, closing server...","service":"Server","timestamp":"2025-08-13T22:59:54.511Z"}
{"level":"info","message":"Starting server with mock data...","service":"Server","timestamp":"2025-08-13T23:16:29.195Z"}
{"level":"info","message":"Server running on port 3001","service":"Server","timestamp":"2025-08-13T23:16:29.214Z"}
{"level":"info","message":"Health check: http://localhost:3001/health","service":"Server","timestamp":"2025-08-13T23:16:29.216Z"}
{"level":"info","message":"API base URL: http://localhost:3001/api","service":"Server","timestamp":"2025-08-13T23:16:29.216Z"}
{"level":"info","message":"Received shutdown signal, closing server...","service":"Server","timestamp":"2025-08-13T23:16:45.068Z"}
{"level":"info","message":"Starting server with mock data...","service":"Server","timestamp":"2025-08-13T23:17:21.962Z"}
{"level":"info","message":"Server running on port 3001","service":"Server","timestamp":"2025-08-13T23:17:21.977Z"}
{"level":"info","message":"Health check: http://localhost:3001/health","service":"Server","timestamp":"2025-08-13T23:17:21.978Z"}
{"level":"info","message":"API base URL: http://localhost:3001/api","service":"Server","timestamp":"2025-08-13T23:17:21.978Z"}
{"level":"info","message":"Received shutdown signal, closing server...","service":"Server","timestamp":"2025-08-13T23:17:31.771Z"}
{"level":"info","message":"Starting server with mock data...","service":"Server","timestamp":"2025-08-13T23:28:33.559Z"}
{"level":"info","message":"Server running on port 3001","service":"Server","timestamp":"2025-08-13T23:28:33.581Z"}
{"level":"info","message":"Health check: http://localhost:3001/health","service":"Server","timestamp":"2025-08-13T23:28:33.583Z"}
{"level":"info","message":"API base URL: http://localhost:3001/api","service":"Server","timestamp":"2025-08-13T23:28:33.585Z"}
{"level":"info","message":"Received shutdown signal, closing server...","service":"Server","timestamp":"2025-08-13T23:28:52.045Z"}
